/*C5*/SET SCHEMA PUBLIC
DELETE FROM TTASKS WHERE ID=923
DELETE FROM TTASKS WHERE ID=924
DELETE FROM TTASKS WHERE ID=925
DELETE FROM TTASKS WHERE ID=926
DELETE FROM TTASKS WHERE ID=927
DELETE FROM TTASKS WHERE ID=928
DELETE FROM TTASKS WHERE ID=929
DELETE FROM TTASKS WHERE ID=930
DELETE FROM TTASKS WHERE ID=931
DELETE FROM TTASKS WHERE ID=932
DELETE FROM TTASKS WHERE ID=933
DELETE FROM TTASKS WHERE ID=934
DELETE FROM TTASKS WHERE ID=935
DELETE FROM TTASKS WHERE ID=936
DELETE FROM TTASKS WHERE ID=937
DELETE FROM TTASKS WHERE ID=938
DELETE FROM TTASKS WHERE ID=939
DELETE FROM TTASKS WHERE ID=940
DELETE FROM TTASKS WHERE ID=941
DELETE FROM TTASKS WHERE ID=942
DELETE FROM TTASKS WHERE ID=943
DELETE FROM TTASKS WHERE ID=944
DELETE FROM TTASKS WHERE ID=945
DELETE FROM TTASKS WHERE ID=946
DELETE FROM TTASKS WHERE ID=947
DELETE FROM TTASKS WHERE ID=948
DELETE FROM TTASKS WHERE ID=949
DELETE FROM TTASKS WHERE ID=950
DELETE FROM TTASKS WHERE ID=951
DELETE FROM TTASKS WHERE ID=952
DELETE FROM TTASKS WHERE ID=1013
DELETE FROM TCATEGORIES WHERE ID=131
DELETE FROM TCATEGORIES WHERE ID=132
DELETE FROM TCATEGORIES WHERE ID=133
DELETE FROM TUSERS WHERE ID=150
DELETE FROM TTASKS WHERE ID=953
DELETE FROM TTASKS WHERE ID=954
DELETE FROM TTASKS WHERE ID=955
DELETE FROM TTASKS WHERE ID=956
DELETE FROM TTASKS WHERE ID=957
DELETE FROM TTASKS WHERE ID=958
DELETE FROM TTASKS WHERE ID=959
DELETE FROM TTASKS WHERE ID=960
DELETE FROM TTASKS WHERE ID=961
DELETE FROM TTASKS WHERE ID=962
DELETE FROM TTASKS WHERE ID=963
DELETE FROM TTASKS WHERE ID=964
DELETE FROM TTASKS WHERE ID=965
DELETE FROM TTASKS WHERE ID=966
DELETE FROM TTASKS WHERE ID=967
DELETE FROM TTASKS WHERE ID=968
DELETE FROM TTASKS WHERE ID=969
DELETE FROM TTASKS WHERE ID=970
DELETE FROM TTASKS WHERE ID=971
DELETE FROM TTASKS WHERE ID=972
DELETE FROM TTASKS WHERE ID=973
DELETE FROM TTASKS WHERE ID=974
DELETE FROM TTASKS WHERE ID=975
DELETE FROM TTASKS WHERE ID=976
DELETE FROM TTASKS WHERE ID=977
DELETE FROM TTASKS WHERE ID=978
DELETE FROM TTASKS WHERE ID=979
DELETE FROM TTASKS WHERE ID=980
DELETE FROM TTASKS WHERE ID=981
DELETE FROM TTASKS WHERE ID=982
DELETE FROM TCATEGORIES WHERE ID=134
DELETE FROM TCATEGORIES WHERE ID=135
DELETE FROM TCATEGORIES WHERE ID=136
DELETE FROM TUSERS WHERE ID=151
DELETE FROM TTASKS WHERE ID=983
DELETE FROM TTASKS WHERE ID=984
DELETE FROM TTASKS WHERE ID=985
DELETE FROM TTASKS WHERE ID=986
DELETE FROM TTASKS WHERE ID=987
DELETE FROM TTASKS WHERE ID=988
DELETE FROM TTASKS WHERE ID=989
DELETE FROM TTASKS WHERE ID=990
DELETE FROM TTASKS WHERE ID=991
DELETE FROM TTASKS WHERE ID=992
DELETE FROM TTASKS WHERE ID=993
DELETE FROM TTASKS WHERE ID=994
DELETE FROM TTASKS WHERE ID=995
DELETE FROM TTASKS WHERE ID=996
DELETE FROM TTASKS WHERE ID=997
DELETE FROM TTASKS WHERE ID=998
DELETE FROM TTASKS WHERE ID=999
DELETE FROM TTASKS WHERE ID=1000
DELETE FROM TTASKS WHERE ID=1001
DELETE FROM TTASKS WHERE ID=1002
DELETE FROM TTASKS WHERE ID=1003
DELETE FROM TTASKS WHERE ID=1004
DELETE FROM TTASKS WHERE ID=1005
DELETE FROM TTASKS WHERE ID=1006
DELETE FROM TTASKS WHERE ID=1007
DELETE FROM TTASKS WHERE ID=1008
DELETE FROM TTASKS WHERE ID=1009
DELETE FROM TTASKS WHERE ID=1010
DELETE FROM TTASKS WHERE ID=1011
DELETE FROM TTASKS WHERE ID=1012
DELETE FROM TCATEGORIES WHERE ID=137
DELETE FROM TCATEGORIES WHERE ID=138
DELETE FROM TCATEGORIES WHERE ID=139
DELETE FROM TUSERS WHERE ID=152
INSERT INTO TUSERS VALUES(153,'user1@user.com',FALSE,'user1','user1','ENABLED')
INSERT INTO TUSERS VALUES(154,'user2@user.com',FALSE,'user2','user2','ENABLED')
INSERT INTO TUSERS VALUES(155,'user3@user.com',FALSE,'user3','user3','ENABLED')
INSERT INTO TCATEGORIES VALUES(140,'categor\u00eda1',153)
INSERT INTO TCATEGORIES VALUES(141,'categor\u00eda2',153)
INSERT INTO TCATEGORIES VALUES(142,'categor\u00eda3',153)
INSERT INTO TCATEGORIES VALUES(143,'categor\u00eda1',154)
INSERT INTO TCATEGORIES VALUES(144,'categor\u00eda2',154)
INSERT INTO TCATEGORIES VALUES(145,'categor\u00eda3',154)
INSERT INTO TCATEGORIES VALUES(146,'categor\u00eda1',155)
INSERT INTO TCATEGORIES VALUES(147,'categor\u00eda2',155)
INSERT INTO TCATEGORIES VALUES(148,'categor\u00eda3',155)
INSERT INTO TTASKS VALUES(1014,NULL,'2017-04-04',NULL,'2017-04-04','Tarea 1',NULL,153)
INSERT INTO TTASKS VALUES(1015,NULL,'2017-04-04',NULL,'2017-04-04','Tarea 2',NULL,153)
INSERT INTO TTASKS VALUES(1016,NULL,'2017-04-04',NULL,'2017-04-04','Tarea 3',NULL,153)
INSERT INTO TTASKS VALUES(1017,NULL,'2017-04-04',NULL,'2017-04-04','Tarea 4',NULL,153)
INSERT INTO TTASKS VALUES(1018,NULL,'2017-04-04',NULL,'2017-04-04','Tarea 5',NULL,153)
INSERT INTO TTASKS VALUES(1019,NULL,'2017-04-04',NULL,'2017-04-04','Tarea 6',NULL,153)
INSERT INTO TTASKS VALUES(1020,NULL,'2017-04-04',NULL,'2017-04-04','Tarea 7',NULL,153)
INSERT INTO TTASKS VALUES(1021,NULL,'2017-04-04',NULL,'2017-04-04','Tarea 8',NULL,153)
INSERT INTO TTASKS VALUES(1022,NULL,'2017-04-04',NULL,'2017-04-04','Tarea 9',NULL,153)
INSERT INTO TTASKS VALUES(1023,NULL,'2017-04-04',NULL,'2017-04-04','Tarea 10',NULL,153)
INSERT INTO TTASKS VALUES(1024,NULL,'2017-04-04',NULL,'2017-04-10','Tarea 11',NULL,153)
INSERT INTO TTASKS VALUES(1025,NULL,'2017-04-04',NULL,'2017-04-05','Tarea 12',NULL,153)
INSERT INTO TTASKS VALUES(1026,NULL,'2017-04-04',NULL,'2017-04-06','Tarea 13',NULL,153)
INSERT INTO TTASKS VALUES(1027,NULL,'2017-04-04',NULL,'2017-04-07','Tarea 14',NULL,153)
INSERT INTO TTASKS VALUES(1028,NULL,'2017-04-04',NULL,'2017-04-08','Tarea 15',NULL,153)
INSERT INTO TTASKS VALUES(1029,NULL,'2017-04-04',NULL,'2017-04-09','Tarea 16',NULL,153)
INSERT INTO TTASKS VALUES(1030,NULL,'2017-04-04',NULL,'2017-04-10','Tarea 17',NULL,153)
INSERT INTO TTASKS VALUES(1031,NULL,'2017-04-04',NULL,'2017-04-05','Tarea 18',NULL,153)
INSERT INTO TTASKS VALUES(1032,NULL,'2017-04-04',NULL,'2017-04-06','Tarea 19',NULL,153)
INSERT INTO TTASKS VALUES(1033,NULL,'2017-04-04',NULL,'2017-04-07','Tarea 20',NULL,153)
INSERT INTO TTASKS VALUES(1034,NULL,'2017-04-04',NULL,'2017-04-01','Tarea 21',140,153)
INSERT INTO TTASKS VALUES(1035,NULL,'2017-04-04',NULL,'2017-04-01','Tarea 22',140,153)
INSERT INTO TTASKS VALUES(1036,NULL,'2017-04-04',NULL,'2017-04-01','Tarea 23',140,153)
INSERT INTO TTASKS VALUES(1037,NULL,'2017-04-04',NULL,'2017-04-01','Tarea 24',141,153)
INSERT INTO TTASKS VALUES(1038,NULL,'2017-04-04',NULL,'2017-04-01','Tarea 25',141,153)
INSERT INTO TTASKS VALUES(1039,NULL,'2017-04-04',NULL,'2017-04-01','Tarea 26',141,153)
INSERT INTO TTASKS VALUES(1040,NULL,'2017-04-04',NULL,'2017-04-01','Tarea 27',142,153)
INSERT INTO TTASKS VALUES(1041,NULL,'2017-04-04',NULL,'2017-04-01','Tarea 28',142,153)
INSERT INTO TTASKS VALUES(1042,NULL,'2017-04-04',NULL,'2017-04-01','Tarea 29',142,153)
INSERT INTO TTASKS VALUES(1043,NULL,'2017-04-04',NULL,'2017-04-01','Tarea 30',142,153)
INSERT INTO TTASKS VALUES(1044,NULL,'2017-04-04',NULL,'2017-04-04','Tarea 1',NULL,154)
INSERT INTO TTASKS VALUES(1045,NULL,'2017-04-04',NULL,'2017-04-04','Tarea 2',NULL,154)
INSERT INTO TTASKS VALUES(1046,NULL,'2017-04-04',NULL,'2017-04-04','Tarea 3',NULL,154)
INSERT INTO TTASKS VALUES(1047,NULL,'2017-04-04',NULL,'2017-04-04','Tarea 4',NULL,154)
INSERT INTO TTASKS VALUES(1048,NULL,'2017-04-04',NULL,'2017-04-04','Tarea 5',NULL,154)
INSERT INTO TTASKS VALUES(1049,NULL,'2017-04-04',NULL,'2017-04-04','Tarea 6',NULL,154)
INSERT INTO TTASKS VALUES(1050,NULL,'2017-04-04',NULL,'2017-04-04','Tarea 7',NULL,154)
INSERT INTO TTASKS VALUES(1051,NULL,'2017-04-04',NULL,'2017-04-04','Tarea 8',NULL,154)
INSERT INTO TTASKS VALUES(1052,NULL,'2017-04-04',NULL,'2017-04-04','Tarea 9',NULL,154)
INSERT INTO TTASKS VALUES(1053,NULL,'2017-04-04',NULL,'2017-04-04','Tarea 10',NULL,154)
INSERT INTO TTASKS VALUES(1054,NULL,'2017-04-04',NULL,'2017-04-10','Tarea 11',NULL,154)
INSERT INTO TTASKS VALUES(1055,NULL,'2017-04-04',NULL,'2017-04-05','Tarea 12',NULL,154)
INSERT INTO TTASKS VALUES(1056,NULL,'2017-04-04',NULL,'2017-04-06','Tarea 13',NULL,154)
INSERT INTO TTASKS VALUES(1057,NULL,'2017-04-04',NULL,'2017-04-07','Tarea 14',NULL,154)
INSERT INTO TTASKS VALUES(1058,NULL,'2017-04-04',NULL,'2017-04-08','Tarea 15',NULL,154)
INSERT INTO TTASKS VALUES(1059,NULL,'2017-04-04',NULL,'2017-04-09','Tarea 16',NULL,154)
INSERT INTO TTASKS VALUES(1060,NULL,'2017-04-04',NULL,'2017-04-10','Tarea 17',NULL,154)
INSERT INTO TTASKS VALUES(1061,NULL,'2017-04-04',NULL,'2017-04-05','Tarea 18',NULL,154)
INSERT INTO TTASKS VALUES(1062,NULL,'2017-04-04',NULL,'2017-04-06','Tarea 19',NULL,154)
INSERT INTO TTASKS VALUES(1063,NULL,'2017-04-04',NULL,'2017-04-07','Tarea 20',NULL,154)
INSERT INTO TTASKS VALUES(1064,NULL,'2017-04-04',NULL,'2017-04-01','Tarea 21',143,154)
INSERT INTO TTASKS VALUES(1065,NULL,'2017-04-04',NULL,'2017-04-01','Tarea 22',143,154)
INSERT INTO TTASKS VALUES(1066,NULL,'2017-04-04',NULL,'2017-04-01','Tarea 23',143,154)
INSERT INTO TTASKS VALUES(1067,NULL,'2017-04-04',NULL,'2017-04-01','Tarea 24',144,154)
INSERT INTO TTASKS VALUES(1068,NULL,'2017-04-04',NULL,'2017-04-01','Tarea 25',144,154)
INSERT INTO TTASKS VALUES(1069,NULL,'2017-04-04',NULL,'2017-04-01','Tarea 26',144,154)
INSERT INTO TTASKS VALUES(1070,NULL,'2017-04-04',NULL,'2017-04-01','Tarea 27',145,154)
INSERT INTO TTASKS VALUES(1071,NULL,'2017-04-04',NULL,'2017-04-01','Tarea 28',145,154)
INSERT INTO TTASKS VALUES(1072,NULL,'2017-04-04',NULL,'2017-04-01','Tarea 29',145,154)
INSERT INTO TTASKS VALUES(1073,NULL,'2017-04-04',NULL,'2017-04-01','Tarea 30',145,154)
INSERT INTO TTASKS VALUES(1074,NULL,'2017-04-04',NULL,'2017-04-04','Tarea 1',NULL,155)
INSERT INTO TTASKS VALUES(1075,NULL,'2017-04-04',NULL,'2017-04-04','Tarea 2',NULL,155)
INSERT INTO TTASKS VALUES(1076,NULL,'2017-04-04',NULL,'2017-04-04','Tarea 3',NULL,155)
INSERT INTO TTASKS VALUES(1077,NULL,'2017-04-04',NULL,'2017-04-04','Tarea 4',NULL,155)
INSERT INTO TTASKS VALUES(1078,NULL,'2017-04-04',NULL,'2017-04-04','Tarea 5',NULL,155)
INSERT INTO TTASKS VALUES(1079,NULL,'2017-04-04',NULL,'2017-04-04','Tarea 6',NULL,155)
INSERT INTO TTASKS VALUES(1080,NULL,'2017-04-04',NULL,'2017-04-04','Tarea 7',NULL,155)
INSERT INTO TTASKS VALUES(1081,NULL,'2017-04-04',NULL,'2017-04-04','Tarea 8',NULL,155)
INSERT INTO TTASKS VALUES(1082,NULL,'2017-04-04',NULL,'2017-04-04','Tarea 9',NULL,155)
INSERT INTO TTASKS VALUES(1083,NULL,'2017-04-04',NULL,'2017-04-04','Tarea 10',NULL,155)
INSERT INTO TTASKS VALUES(1084,NULL,'2017-04-04',NULL,'2017-04-10','Tarea 11',NULL,155)
INSERT INTO TTASKS VALUES(1085,NULL,'2017-04-04',NULL,'2017-04-05','Tarea 12',NULL,155)
INSERT INTO TTASKS VALUES(1086,NULL,'2017-04-04',NULL,'2017-04-06','Tarea 13',NULL,155)
INSERT INTO TTASKS VALUES(1087,NULL,'2017-04-04',NULL,'2017-04-07','Tarea 14',NULL,155)
INSERT INTO TTASKS VALUES(1088,NULL,'2017-04-04',NULL,'2017-04-08','Tarea 15',NULL,155)
INSERT INTO TTASKS VALUES(1089,NULL,'2017-04-04',NULL,'2017-04-09','Tarea 16',NULL,155)
INSERT INTO TTASKS VALUES(1090,NULL,'2017-04-04',NULL,'2017-04-10','Tarea 17',NULL,155)
INSERT INTO TTASKS VALUES(1091,NULL,'2017-04-04',NULL,'2017-04-05','Tarea 18',NULL,155)
INSERT INTO TTASKS VALUES(1092,NULL,'2017-04-04',NULL,'2017-04-06','Tarea 19',NULL,155)
INSERT INTO TTASKS VALUES(1093,NULL,'2017-04-04',NULL,'2017-04-07','Tarea 20',NULL,155)
INSERT INTO TTASKS VALUES(1094,NULL,'2017-04-04',NULL,'2017-04-01','Tarea 21',146,155)
INSERT INTO TTASKS VALUES(1095,NULL,'2017-04-04',NULL,'2017-04-01','Tarea 22',146,155)
INSERT INTO TTASKS VALUES(1096,NULL,'2017-04-04',NULL,'2017-04-01','Tarea 23',146,155)
INSERT INTO TTASKS VALUES(1097,NULL,'2017-04-04',NULL,'2017-04-01','Tarea 24',147,155)
INSERT INTO TTASKS VALUES(1098,NULL,'2017-04-04',NULL,'2017-04-01','Tarea 25',147,155)
INSERT INTO TTASKS VALUES(1099,NULL,'2017-04-04',NULL,'2017-04-01','Tarea 26',147,155)
INSERT INTO TTASKS VALUES(1100,NULL,'2017-04-04',NULL,'2017-04-01','Tarea 27',148,155)
INSERT INTO TTASKS VALUES(1101,NULL,'2017-04-04',NULL,'2017-04-01','Tarea 28',148,155)
INSERT INTO TTASKS VALUES(1102,NULL,'2017-04-04',NULL,'2017-04-01','Tarea 29',148,155)
INSERT INTO TTASKS VALUES(1103,NULL,'2017-04-04',NULL,'2017-04-01','Tarea 30',148,155)
COMMIT
DELETE FROM TUSERS WHERE ID=155
INSERT INTO TUSERS VALUES(155,'user3@user.com',FALSE,'user3','user3','DISABLED')
COMMIT
DELETE FROM TUSERS WHERE ID=155
INSERT INTO TUSERS VALUES(155,'user3@user.com',FALSE,'user3','user3','ENABLED')
COMMIT
